[2026-03-06T07:14:28.747Z] Plugin initialized: 0 commands []
[2026-03-06T07:14:51.323Z] Registered /subtask command
[2026-03-06T07:15:25.001Z] message-hooks: ENTRY msgCount=1, sessions=ses_33dffb75bffeoqmsRjiVIDztrT
[2026-03-06T07:15:25.001Z] message-hooks: MESSAGES: [0]user: text:"commit perubahan terbaru ke git push ori..."
[2026-03-06T07:15:25.001Z] message-hooks: post-filter, msgCount=1
[2026-03-06T07:15:25.001Z] message-hooks: about to search for OPENCODE_GENERIC
[2026-03-06T07:15:25.001Z] message-hooks: searching 1 messages for OPENCODE_GENERIC
[2026-03-06T07:15:25.001Z] message-hooks: generic search complete, found=false, index=-1
[2026-03-06T07:15:25.001Z] message-hooks: no generic part found, checking for pending prompt return
[2026-03-06T07:15:40.296Z] message-hooks: ENTRY msgCount=2, sessions=ses_33dffb75bffeoqmsRjiVIDztrT
[2026-03-06T07:15:40.296Z] message-hooks: MESSAGES: [0]user: text:"commit perubahan terbaru ke git push ori..." | [1]assistant: step-start, tool:completed, tool:completed, tool:completed, step-finish, patch
[2026-03-06T07:15:40.296Z] message-hooks: post-filter, msgCount=2
[2026-03-06T07:15:40.296Z] message-hooks: about to search for OPENCODE_GENERIC
[2026-03-06T07:15:40.296Z] message-hooks: searching 2 messages for OPENCODE_GENERIC
[2026-03-06T07:15:40.296Z] message-hooks: generic search complete, found=false, index=-1
[2026-03-06T07:15:40.296Z] message-hooks: no generic part found, checking for pending prompt return
[2026-03-06T07:15:47.385Z] message-hooks: ENTRY msgCount=3, sessions=ses_33dffb75bffeoqmsRjiVIDztrT
[2026-03-06T07:15:47.385Z] message-hooks: MESSAGES: [0]user: text:"commit perubahan terbaru ke git push ori..." | [1]assistant: step-start, tool:completed, tool:completed, tool:completed, step-finish, patch | [2]assistant: step-start, text:"Saya melihat ada perubahan pada file ber...", tool:completed, step-finish, patch
[2026-03-06T07:15:47.385Z] message-hooks: post-filter, msgCount=3
[2026-03-06T07:15:47.385Z] message-hooks: about to search for OPENCODE_GENERIC
[2026-03-06T07:15:47.385Z] message-hooks: searching 3 messages for OPENCODE_GENERIC
[2026-03-06T07:15:47.385Z] message-hooks: generic search complete, found=false, index=-1
[2026-03-06T07:15:47.385Z] message-hooks: no generic part found, checking for pending prompt return
[2026-03-06T07:15:54.420Z] message-hooks: ENTRY msgCount=4, sessions=ses_33dffb75bffeoqmsRjiVIDztrT
[2026-03-06T07:15:54.420Z] message-hooks: MESSAGES: [0]user: text:"commit perubahan terbaru ke git push ori..." | [1]assistant: step-start, tool:completed, tool:completed, tool:completed, step-finish, patch | [2]assistant: step-start, text:"Saya melihat ada perubahan pada file ber...", tool:completed, step-finish, patch | [3]assistant: step-start, tool:completed, step-finish, patch
[2026-03-06T07:15:54.420Z] message-hooks: post-filter, msgCount=4
[2026-03-06T07:15:54.420Z] message-hooks: about to search for OPENCODE_GENERIC
[2026-03-06T07:15:54.420Z] message-hooks: searching 4 messages for OPENCODE_GENERIC
[2026-03-06T07:15:54.420Z] message-hooks: generic search complete, found=false, index=-1
[2026-03-06T07:15:54.420Z] message-hooks: no generic part found, checking for pending prompt return
[2026-03-06T07:16:06.456Z] message-hooks: ENTRY msgCount=5, sessions=ses_33dffb75bffeoqmsRjiVIDztrT
[2026-03-06T07:16:06.456Z] message-hooks: MESSAGES: [0]user: text:"commit perubahan terbaru ke git push ori..." | [1]assistant: step-start, tool:completed, tool:completed, tool:completed, step-finish, patch | [2]assistant: step-start, text:"Saya melihat ada perubahan pada file ber...", tool:completed, step-finish, patch | [3]assistant: step-start, tool:completed, step-finish, patch | [4]assistant: step-start, tool:completed, step-finish, patch
[2026-03-06T07:16:06.456Z] message-hooks: post-filter, msgCount=5
[2026-03-06T07:16:06.456Z] message-hooks: about to search for OPENCODE_GENERIC
[2026-03-06T07:16:06.456Z] message-hooks: searching 5 messages for OPENCODE_GENERIC
[2026-03-06T07:16:06.456Z] message-hooks: generic search complete, found=false, index=-1
[2026-03-06T07:16:06.456Z] message-hooks: no generic part found, checking for pending prompt return
[2026-03-06T07:16:12.249Z] session.idle: sessionID=ses_33dffb75bffeoqmsRjiVIDztrT
[2026-03-06T08:26:01.295Z] message-hooks: ENTRY msgCount=7, sessions=ses_33dffb75bffeoqmsRjiVIDztrT
[2026-03-06T08:26:01.295Z] message-hooks: MESSAGES: [0]user: text:"commit perubahan terbaru ke git push ori..." | [1]assistant: step-start, tool:completed, tool:completed, tool:completed, step-finish, patch | [2]assistant: step-start, text:"Saya melihat ada perubahan pada file ber...", tool:completed, step-finish, patch | [3]assistant: step-start, tool:completed, step-finish, patch | [4]assistant: step-start, tool:completed, step-finish, patch | [5]assistant: step-start, text:"✅ **Commit berhasil di-push ke origin!**...", step-finish, patch | [6]user: text:"commit perubahan terbaru"
[2026-03-06T08:26:01.295Z] message-hooks: post-filter, msgCount=7
[2026-03-06T08:26:01.295Z] message-hooks: about to search for OPENCODE_GENERIC
[2026-03-06T08:26:01.295Z] message-hooks: searching 7 messages for OPENCODE_GENERIC
[2026-03-06T08:26:01.295Z] message-hooks: generic search complete, found=false, index=-1
[2026-03-06T08:26:01.295Z] message-hooks: no generic part found, checking for pending prompt return
[2026-03-06T08:26:11.217Z] message-hooks: ENTRY msgCount=8, sessions=ses_33dffb75bffeoqmsRjiVIDztrT
[2026-03-06T08:26:11.217Z] message-hooks: MESSAGES: [0]user: text:"commit perubahan terbaru ke git push ori..." | [1]assistant: step-start, tool:completed, tool:completed, tool:completed, step-finish, patch | [2]assistant: step-start, text:"Saya melihat ada perubahan pada file ber...", tool:completed, step-finish, patch | [3]assistant: step-start, tool:completed, step-finish, patch | [4]assistant: step-start, tool:completed, step-finish, patch | [5]assistant: step-start, text:"✅ **Commit berhasil di-push ke origin!**...", step-finish, patch | [6]user: text:"commit perubahan terbaru" | [7]assistant: step-start, tool:completed, tool:completed, step-finish, patch
[2026-03-06T08:26:11.217Z] message-hooks: post-filter, msgCount=8
[2026-03-06T08:26:11.217Z] message-hooks: about to search for OPENCODE_GENERIC
[2026-03-06T08:26:11.217Z] message-hooks: searching 8 messages for OPENCODE_GENERIC
[2026-03-06T08:26:11.217Z] message-hooks: generic search complete, found=false, index=-1
[2026-03-06T08:26:11.217Z] message-hooks: no generic part found, checking for pending prompt return
[2026-03-06T08:26:18.362Z] message-hooks: ENTRY msgCount=9, sessions=ses_33dffb75bffeoqmsRjiVIDztrT
[2026-03-06T08:26:18.362Z] message-hooks: MESSAGES: [0]user: text:"commit perubahan terbaru ke git push ori..." | [1]assistant: step-start, tool:completed, tool:completed, tool:completed, step-finish, patch | [2]assistant: step-start, text:"Saya melihat ada perubahan pada file ber...", tool:completed, step-finish, patch | [3]assistant: step-start, tool:completed, step-finish, patch | [4]assistant: step-start, tool:completed, step-finish, patch | [5]assistant: step-start, text:"✅ **Commit berhasil di-push ke origin!**...", step-finish, patch | [6]user: text:"commit perubahan terbaru" | [7]assistant: step-start, tool:completed, tool:completed, step-finish, patch | [8]assistant: step-start, text:"Saya melihat ada perubahan pada file-fil...", tool:completed, step-finish, patch
[2026-03-06T08:26:18.362Z] message-hooks: post-filter, msgCount=9
[2026-03-06T08:26:18.362Z] message-hooks: about to search for OPENCODE_GENERIC
[2026-03-06T08:26:18.362Z] message-hooks: searching 9 messages for OPENCODE_GENERIC
[2026-03-06T08:26:18.362Z] message-hooks: generic search complete, found=false, index=-1
[2026-03-06T08:26:18.362Z] message-hooks: no generic part found, checking for pending prompt return
[2026-03-06T08:26:28.887Z] session.idle: sessionID=ses_33dffb75bffeoqmsRjiVIDztrT
[2026-03-06T08:26:29.068Z] session.idle: sessionID=ses_33dffb75bffeoqmsRjiVIDztrT
[2026-03-06T08:26:29.083Z] session.idle: sessionID=ses_33dffb75bffeoqmsRjiVIDztrT
[2026-03-06T08:51:13.670Z] message-hooks: ENTRY msgCount=11, sessions=ses_33dffb75bffeoqmsRjiVIDztrT
[2026-03-06T08:51:13.670Z] message-hooks: MESSAGES: [0]user: text:"commit perubahan terbaru ke git push ori..." | [1]assistant: step-start, tool:completed, tool:completed, tool:completed, step-finish, patch | [2]assistant: step-start, text:"Saya melihat ada perubahan pada file ber...", tool:completed, step-finish, patch | [3]assistant: step-start, tool:completed, step-finish, patch | [4]assistant: step-start, tool:completed, step-finish, patch | [5]assistant: step-start, text:"✅ **Commit berhasil di-push ke origin!**...", step-finish, patch | [6]user: text:"commit perubahan terbaru" | [7]assistant: step-start, tool:completed, tool:completed, step-finish, patch | [8]assistant: step-start, text:"Saya melihat ada perubahan pada file-fil...", tool:completed, step-finish, patch | [9]assistant:  | [10]user: text:"commit perubahan terbaru"
[2026-03-06T08:51:13.670Z] message-hooks: post-filter, msgCount=11
[2026-03-06T08:51:13.670Z] message-hooks: about to search for OPENCODE_GENERIC
[2026-03-06T08:51:13.670Z] message-hooks: searching 11 messages for OPENCODE_GENERIC
[2026-03-06T08:51:13.670Z] message-hooks: generic search complete, found=false, index=-1
[2026-03-06T08:51:13.670Z] message-hooks: no generic part found, checking for pending prompt return
[2026-03-06T08:51:22.767Z] message-hooks: ENTRY msgCount=12, sessions=ses_33dffb75bffeoqmsRjiVIDztrT
[2026-03-06T08:51:22.767Z] message-hooks: MESSAGES: [0]user: text:"commit perubahan terbaru ke git push ori..." | [1]assistant: step-start, tool:completed, tool:completed, tool:completed, step-finish, patch | [2]assistant: step-start, text:"Saya melihat ada perubahan pada file ber...", tool:completed, step-finish, patch | [3]assistant: step-start, tool:completed, step-finish, patch | [4]assistant: step-start, tool:completed, step-finish, patch | [5]assistant: step-start, text:"✅ **Commit berhasil di-push ke origin!**...", step-finish, patch | [6]user: text:"commit perubahan terbaru" | [7]assistant: step-start, tool:completed, tool:completed, step-finish, patch | [8]assistant: step-start, text:"Saya melihat ada perubahan pada file-fil...", tool:completed, step-finish, patch | [9]assistant:  | [10]user: text:"commit perubahan terbaru" | [11]assistant: step-start, tool:completed, step-finish, patch
[2026-03-06T08:51:22.767Z] message-hooks: post-filter, msgCount=12
[2026-03-06T08:51:22.767Z] message-hooks: about to search for OPENCODE_GENERIC
[2026-03-06T08:51:22.767Z] message-hooks: searching 12 messages for OPENCODE_GENERIC
[2026-03-06T08:51:22.767Z] message-hooks: generic search complete, found=false, index=-1
[2026-03-06T08:51:22.767Z] message-hooks: no generic part found, checking for pending prompt return
[2026-03-06T08:51:26.794Z] message-hooks: ENTRY msgCount=13, sessions=ses_33dffb75bffeoqmsRjiVIDztrT
[2026-03-06T08:51:26.794Z] message-hooks: MESSAGES: [0]user: text:"commit perubahan terbaru ke git push ori..." | [1]assistant: step-start, tool:completed, tool:completed, tool:completed, step-finish, patch | [2]assistant: step-start, text:"Saya melihat ada perubahan pada file ber...", tool:completed, step-finish, patch | [3]assistant: step-start, tool:completed, step-finish, patch | [4]assistant: step-start, tool:completed, step-finish, patch | [5]assistant: step-start, text:"✅ **Commit berhasil di-push ke origin!**...", step-finish, patch | [6]user: text:"commit perubahan terbaru" | [7]assistant: step-start, tool:completed, tool:completed, step-finish, patch | [8]assistant: step-start, text:"Saya melihat ada perubahan pada file-fil...", tool:completed, step-finish, patch | [9]assistant:  | [10]user: text:"commit perubahan terbaru" | [11]assistant: step-start, tool:completed, step-finish, patch | [12]assistant: step-start, tool:completed, step-finish, patch
[2026-03-06T08:51:26.794Z] message-hooks: post-filter, msgCount=13
[2026-03-06T08:51:26.794Z] message-hooks: about to search for OPENCODE_GENERIC
[2026-03-06T08:51:26.794Z] message-hooks: searching 13 messages for OPENCODE_GENERIC
[2026-03-06T08:51:26.794Z] message-hooks: generic search complete, found=false, index=-1
[2026-03-06T08:51:26.794Z] message-hooks: no generic part found, checking for pending prompt return
[2026-03-06T08:51:33.519Z] message-hooks: ENTRY msgCount=14, sessions=ses_33dffb75bffeoqmsRjiVIDztrT
[2026-03-06T08:51:33.519Z] message-hooks: MESSAGES: [0]user: text:"commit perubahan terbaru ke git push ori..." | [1]assistant: step-start, tool:completed, tool:completed, tool:completed, step-finish, patch | [2]assistant: step-start, text:"Saya melihat ada perubahan pada file ber...", tool:completed, step-finish, patch | [3]assistant: step-start, tool:completed, step-finish, patch | [4]assistant: step-start, tool:completed, step-finish, patch | [5]assistant: step-start, text:"✅ **Commit berhasil di-push ke origin!**...", step-finish, patch | [6]user: text:"commit perubahan terbaru" | [7]assistant: step-start, tool:completed, tool:completed, step-finish, patch | [8]assistant: step-start, text:"Saya melihat ada perubahan pada file-fil...", tool:completed, step-finish, patch | [9]assistant:  | [10]user: text:"commit perubahan terbaru" | [11]assistant: step-start, tool:completed, step-finish, patch | [12]assistant: step-start, tool:completed, step-finish, patch | [13]assistant: step-start, tool:completed, step-finish, patch
[2026-03-06T08:51:33.520Z] message-hooks: post-filter, msgCount=14
[2026-03-06T08:51:33.520Z] message-hooks: about to search for OPENCODE_GENERIC
[2026-03-06T08:51:33.520Z] message-hooks: searching 14 messages for OPENCODE_GENERIC
[2026-03-06T08:51:33.520Z] message-hooks: generic search complete, found=false, index=-1
[2026-03-06T08:51:33.520Z] message-hooks: no generic part found, checking for pending prompt return
[2026-03-06T08:51:40.775Z] session.idle: sessionID=ses_33dffb75bffeoqmsRjiVIDztrT
